<?xml version="1.0" encoding="UTF-8"?>
<testng-results ignored="0" total="1" passed="1" failed="0" skipped="0">
  <reporter-output>
  </reporter-output>
  <suite started-at="2023-12-28T18:00:34 IST" name="Suite" finished-at="2023-12-28T18:01:03 IST" duration-ms="29491">
    <groups>
    </groups>
    <test started-at="2023-12-28T18:00:34 IST" name="Test" finished-at="2023-12-28T18:01:03 IST" duration-ms="29491">
      <class name="com.testcase.LoginInSteps">
        <test-method signature="testLogin()[pri:0, instance:com.testcase.LoginInSteps@130d63be]" started-at="2023-12-28T18:00:36 IST" name="testLogin" finished-at="2023-12-28T18:01:03 IST" duration-ms="26977" status="PASS">
          <reporter-output>
          </reporter-output>
        </test-method> <!-- testLogin -->
      </class> <!-- com.testcase.LoginInSteps -->
      <class name="com.testcase.WaymoreTestCase">
        <test-method is-config="true" signature="launchWebsite()[pri:0, instance:com.testcase.WaymoreTestCase@158d2680]" started-at="2023-12-28T18:00:34 IST" name="launchWebsite" finished-at="2023-12-28T18:00:36 IST" duration-ms="2362" status="PASS">
          <reporter-output>
          </reporter-output>
        </test-method> <!-- launchWebsite -->
        <test-method is-config="true" signature="tearDown()[pri:0, instance:com.testcase.WaymoreTestCase@158d2680]" started-at="2023-12-28T18:01:03 IST" name="tearDown" finished-at="2023-12-28T18:01:03 IST" duration-ms="125" status="PASS">
          <reporter-output>
          </reporter-output>
        </test-method> <!-- tearDown -->
      </class> <!-- com.testcase.WaymoreTestCase -->
    </test> <!-- Test -->
  </suite> <!-- Suite -->
</testng-results>
